2026-03-22 12:45:11.554 INFO  [main] [com.buildmat.MainApp] Launching application, Java version: 18.0.2.1
2026-03-22 12:45:11.581 INFO  [JavaFX Application Thread] [com.buildmat.MainApp] BuildMat Billing application starting
2026-03-22 12:45:11.581 INFO  [JavaFX Application Thread] [com.buildmat.MainApp] Log file: logs/buildmat.log
2026-03-22 12:45:22.698 INFO  [JavaFX Application Thread] [com.buildmat.MainApp] Database initialized successfully
2026-03-22 12:45:23.362 INFO  [JavaFX Application Thread] [com.buildmat.MainApp] Login screen displayed
2026-03-22 12:59:17.585 INFO  [main] [com.buildmat.MainApp] Launching application, Java version: 18.0.2.1
2026-03-22 12:59:17.604 INFO  [JavaFX Application Thread] [com.buildmat.MainApp] BuildMat Billing application starting
2026-03-22 12:59:17.612 INFO  [JavaFX Application Thread] [com.buildmat.MainApp] Log file: logs/buildmat.log
2026-03-22 12:59:28.427 INFO  [JavaFX Application Thread] [com.buildmat.MainApp] Database initialized successfully
2026-03-22 12:59:29.041 INFO  [JavaFX Application Thread] [com.buildmat.MainApp] Login screen displayed
2026-03-22 13:01:22.353 INFO  [JavaFX Application Thread] [com.buildmat.MainApp] BuildMat Billing application shutting down
2026-03-22 13:04:16.633 INFO  [main] [com.buildmat.MainApp] Launching application, Java version: 18.0.2.1
2026-03-22 13:04:16.653 INFO  [JavaFX Application Thread] [com.buildmat.MainApp] BuildMat Billing application starting
2026-03-22 13:04:16.653 INFO  [JavaFX Application Thread] [com.buildmat.MainApp] Log file: logs/buildmat.log
2026-03-22 13:04:28.209 INFO  [JavaFX Application Thread] [com.buildmat.MainApp] Database initialized successfully
2026-03-22 13:04:28.704 INFO  [JavaFX Application Thread] [com.buildmat.MainApp] Login screen displayed
2026-03-22 13:05:44.019 ERROR [JavaFX Application Thread] [com.buildmat.ui.InvoicePanel] Exception while setting invoice number
java.sql.SQLSyntaxErrorException: You have an error in your SQL syntax; check the manual that corresponds to your MySQL server version for the right syntax to use near 'INTEGER)) FROM invoices WHERE invoice_number LIKE 'INV-2026-%'' at line 1
	at com.mysql.cj.jdbc.exceptions.SQLError.createSQLException(SQLError.java:121)
	at com.mysql.cj.jdbc.exceptions.SQLExceptionsMapping.translateException(SQLExceptionsMapping.java:122)
	at com.mysql.cj.jdbc.ClientPreparedStatement.executeInternal(ClientPreparedStatement.java:912)
	at com.mysql.cj.jdbc.ClientPreparedStatement.executeQuery(ClientPreparedStatement.java:968)
	at com.buildmat.dao.InvoiceDAO.generateInvoiceNumber(InvoiceDAO.java:99)
	at com.buildmat.ui.InvoicePanel.openInvoiceForm(InvoicePanel.java:134)
	at com.buildmat.ui.InvoicePanel.lambda$buildView$1(InvoicePanel.java:60)
	at javafx.base@21.0.2/com.sun.javafx.event.CompositeEventHandler.dispatchBubblingEvent(CompositeEventHandler.java:86)
	at javafx.base@21.0.2/com.sun.javafx.event.EventHandlerManager.dispatchBubblingEvent(EventHandlerManager.java:232)
	at javafx.base@21.0.2/com.sun.javafx.event.EventHandlerManager.dispatchBubblingEvent(EventHandlerManager.java:189)
	at javafx.base@21.0.2/com.sun.javafx.event.CompositeEventDispatcher.dispatchBubblingEvent(CompositeEventDispatcher.java:59)
	at javafx.base@21.0.2/com.sun.javafx.event.BasicEventDispatcher.dispatchEvent(BasicEventDispatcher.java:58)
	at javafx.base@21.0.2/com.sun.javafx.event.EventDispatchChainImpl.dispatchEvent(EventDispatchChainImpl.java:114)
	at javafx.base@21.0.2/com.sun.javafx.event.BasicEventDispatcher.dispatchEvent(BasicEventDispatcher.java:56)
	at javafx.base@21.0.2/com.sun.javafx.event.EventDispatchChainImpl.dispatchEvent(EventDispatchChainImpl.java:114)
	at javafx.base@21.0.2/com.sun.javafx.event.BasicEventDispatcher.dispatchEvent(BasicEventDispatcher.java:56)
	at javafx.base@21.0.2/com.sun.javafx.event.EventDispatchChainImpl.dispatchEvent(EventDispatchChainImpl.java:114)
	at javafx.base@21.0.2/com.sun.javafx.event.EventUtil.fireEventImpl(EventUtil.java:74)
	at javafx.base@21.0.2/com.sun.javafx.event.EventUtil.fireEvent(EventUtil.java:49)
	at javafx.base@21.0.2/javafx.event.Event.fireEvent(Event.java:198)
	at javafx.graphics@21.0.2/javafx.scene.Node.fireEvent(Node.java:8875)
	at javafx.controls@21.0.2/javafx.scene.control.Button.fire(Button.java:203)
	at javafx.controls@21.0.2/com.sun.javafx.scene.control.behavior.ButtonBehavior.mouseReleased(ButtonBehavior.java:207)
	at javafx.controls@21.0.2/com.sun.javafx.scene.control.inputmap.InputMap.handle(InputMap.java:274)
	at javafx.base@21.0.2/com.sun.javafx.event.CompositeEventHandler$NormalEventHandlerRecord.handleBubblingEvent(CompositeEventHandler.java:247)
	at javafx.base@21.0.2/com.sun.javafx.event.CompositeEventHandler.dispatchBubblingEvent(CompositeEventHandler.java:80)
	at javafx.base@21.0.2/com.sun.javafx.event.EventHandlerManager.dispatchBubblingEvent(EventHandlerManager.java:232)
	at javafx.base@21.0.2/com.sun.javafx.event.EventHandlerManager.dispatchBubblingEvent(EventHandlerManager.java:189)
	at javafx.base@21.0.2/com.sun.javafx.event.CompositeEventDispatcher.dispatchBubblingEvent(CompositeEventDispatcher.java:59)
	at javafx.base@21.0.2/com.sun.javafx.event.BasicEventDispatcher.dispatchEvent(BasicEventDispatcher.java:58)
	at javafx.base@21.0.2/com.sun.javafx.event.EventDispatchChainImpl.dispatchEvent(EventDispatchChainImpl.java:114)
	at javafx.base@21.0.2/com.sun.javafx.event.BasicEventDispatcher.dispatchEvent(BasicEventDispatcher.java:56)
	at javafx.base@21.0.2/com.sun.javafx.event.EventDispatchChainImpl.dispatchEvent(EventDispatchChainImpl.java:114)
	at javafx.base@21.0.2/com.sun.javafx.event.BasicEventDispatcher.dispatchEvent(BasicEventDispatcher.java:56)
	at javafx.base@21.0.2/com.sun.javafx.event.EventDispatchChainImpl.dispatchEvent(EventDispatchChainImpl.java:114)
	at javafx.base@21.0.2/com.sun.javafx.event.EventUtil.fireEventImpl(EventUtil.java:74)
	at javafx.base@21.0.2/com.sun.javafx.event.EventUtil.fireEvent(EventUtil.java:54)
	at javafx.base@21.0.2/javafx.event.Event.fireEvent(Event.java:198)
	at javafx.graphics@21.0.2/javafx.scene.Scene$MouseHandler.process(Scene.java:3984)
	at javafx.graphics@21.0.2/javafx.scene.Scene.processMouseEvent(Scene.java:1890)
	at javafx.graphics@21.0.2/javafx.scene.Scene$ScenePeerListener.mouseEvent(Scene.java:2708)
	at javafx.graphics@21.0.2/com.sun.javafx.tk.quantum.GlassViewEventHandler$MouseEventNotification.run(GlassViewEventHandler.java:411)
	at javafx.graphics@21.0.2/com.sun.javafx.tk.quantum.GlassViewEventHandler$MouseEventNotification.run(GlassViewEventHandler.java:301)
	at java.base/java.security.AccessController.doPrivileged(AccessController.java:399)
	at javafx.graphics@21.0.2/com.sun.javafx.tk.quantum.GlassViewEventHandler.lambda$handleMouseEvent$2(GlassViewEventHandler.java:450)
	at javafx.graphics@21.0.2/com.sun.javafx.tk.quantum.QuantumToolkit.runWithoutRenderLock(QuantumToolkit.java:424)
	at javafx.graphics@21.0.2/com.sun.javafx.tk.quantum.GlassViewEventHandler.handleMouseEvent(GlassViewEventHandler.java:449)
	at javafx.graphics@21.0.2/com.sun.glass.ui.View.handleMouseEvent(View.java:551)
	at javafx.graphics@21.0.2/com.sun.glass.ui.View.notifyMouse(View.java:937)
	at javafx.graphics@21.0.2/com.sun.glass.ui.win.WinApplication._runLoop(Native Method)
	at javafx.graphics@21.0.2/com.sun.glass.ui.win.WinApplication.lambda$runLoop$3(WinApplication.java:185)
	at java.base/java.lang.Thread.run(Thread.java:833)
2026-03-22 13:22:28.009 INFO  [main] [com.buildmat.MainApp] Launching application, Java version: 18.0.2.1
2026-03-22 13:22:28.030 INFO  [JavaFX Application Thread] [com.buildmat.MainApp] BuildMat Billing application starting
2026-03-22 13:22:28.030 INFO  [JavaFX Application Thread] [com.buildmat.MainApp] Log file: logs/buildmat.log
2026-03-22 13:22:38.838 INFO  [JavaFX Application Thread] [com.buildmat.MainApp] Database initialized successfully
2026-03-22 13:22:39.334 INFO  [JavaFX Application Thread] [com.buildmat.MainApp] Login screen displayed
2026-03-22 13:23:54.113 ERROR [JavaFX Application Thread] [com.buildmat.ui.InvoicePanel] Exception while setting invoice number setting invoice number to default value
2026-03-22 13:24:22.523 ERROR [JavaFX Application Thread] [com.buildmat.ui.InvoicePanel] Exception while setting invoice number setting invoice number to default value
2026-03-22 13:32:58.913 INFO  [JavaFX Application Thread] [com.buildmat.MainApp] BuildMat Billing application shutting down
2026-03-22 13:33:21.060 INFO  [main] [com.buildmat.MainApp] Launching application, Java version: 18.0.2.1
2026-03-22 13:33:21.083 INFO  [JavaFX Application Thread] [com.buildmat.MainApp] BuildMat Billing application starting
2026-03-22 13:33:21.083 INFO  [JavaFX Application Thread] [com.buildmat.MainApp] Log file: logs/buildmat.log
2026-03-22 13:33:32.696 INFO  [JavaFX Application Thread] [com.buildmat.MainApp] Database initialized successfully
2026-03-22 13:33:33.187 INFO  [JavaFX Application Thread] [com.buildmat.MainApp] Login screen displayed
2026-03-22 13:36:10.359 INFO  [JavaFX Application Thread] [com.buildmat.MainApp] BuildMat Billing application shutting down
2026-03-22 13:38:51.807 INFO  [main] [com.buildmat.MainApp] Launching application, Java version: 18.0.2.1
2026-03-22 13:38:51.828 INFO  [JavaFX Application Thread] [com.buildmat.MainApp] BuildMat Billing application starting
2026-03-22 13:38:51.829 INFO  [JavaFX Application Thread] [com.buildmat.MainApp] Log file: logs/buildmat.log
2026-03-22 13:39:02.976 INFO  [JavaFX Application Thread] [com.buildmat.MainApp] Database initialized successfully
2026-03-22 13:39:03.478 INFO  [JavaFX Application Thread] [com.buildmat.MainApp] Login screen displayed
2026-03-22 13:48:32.567 INFO  [main] [com.buildmat.MainApp] Launching application, Java version: 18.0.2.1
2026-03-22 13:48:32.587 INFO  [JavaFX Application Thread] [com.buildmat.MainApp] BuildMat Billing application starting
2026-03-22 13:48:32.587 INFO  [JavaFX Application Thread] [com.buildmat.MainApp] Log file: logs/buildmat.log
2026-03-22 13:48:43.639 INFO  [JavaFX Application Thread] [com.buildmat.MainApp] Database initialized successfully
2026-03-22 13:48:44.129 INFO  [JavaFX Application Thread] [com.buildmat.MainApp] Login screen displayed
2026-03-22 13:54:34.333 INFO  [JavaFX Application Thread] [com.buildmat.MainApp] BuildMat Billing application shutting down
